0 info it worked if it ends with ok
1 verbose cli [ 'C:\\Program Files\\nodejs\\node.exe',
1 verbose cli   'C:\\Program Files\\nodejs\\node_modules\\npm\\bin\\npm-cli.js',
1 verbose cli   'start' ]
2 info using npm@3.6.0
3 info using node@v5.7.1
4 verbose run-script [ 'prestart', 'start', 'poststart' ]
5 info lifecycle out-of-line@0.0.1~prestart: out-of-line@0.0.1
6 silly lifecycle out-of-line@0.0.1~prestart: no script for prestart, continuing
7 info lifecycle out-of-line@0.0.1~start: out-of-line@0.0.1
8 verbose lifecycle out-of-line@0.0.1~start: unsafe-perm in lifecycle true
9 verbose lifecycle out-of-line@0.0.1~start: PATH: C:\Program Files\nodejs\node_modules\npm\bin\node-gyp-bin;C:\Users\others\Documents\GoProjects\src\flux-npm\assets\node_modules\.bin;C:\Program Files (x86)\ActiveState Komodo IDE 9\;C:\Program Files (x86)\CMake\bin\;C:\csvn\bin\;C:\csvn\Python25\;C:\ProgramData\Oracle\Java\javapath;C:\Windows\system32;C:\Windows;C:\Windows\System32\Wbem;C:\Windows\System32\WindowsPowerShell\v1.0\;C:\Program Files\Microsoft SQL Server\110\Tools\Binn\;C:\Program Files (x86)\Common Files\Acronis\SnapAPI\;C:\Program Files (x86)\Windows Kits\8.1\Windows Performance Toolkit\;C:\Program Files\Microsoft SQL Server\Client SDK\ODBC\110\Tools\Binn\;C:\Program Files (x86)\Microsoft SQL Server\120\Tools\Binn\;C:\Program Files\Microsoft SQL Server\120\Tools\Binn\;C:\Program Files\Microsoft SQL Server\120\DTS\Binn\;C:\Program Files (x86)\Microsoft SQL Server\120\Tools\Binn\ManagementStudio\;C:\Program Files (x86)\Microsoft SQL Server\120\DTS\Binn\;C:\Program Files (x86)\GtkSharp\2.12\bin;C:\Program Files\SlikSvn\bin;C:\Program Files (x86)\Microsoft SDKs\TypeScript\1.0\;C:\grails-2.4.4\grails-2.4.4\bin;C:\groovy-binary-2.4.0-rc-2\groovy-2.4.0-rc-2\bin;C:\jdk1.8.0_20\bin;C:\apache-maven-3.2.5-bin\apache-maven-3.2.5\bin;C:\Program Files\PostgreSQL\9.4\bin;c:\MinGW\bin\;c:\msys\1.0\bin\;C:\cygwin64\bin;C:\Go\bin;C:\Users\others\Documents\GoProjects;C:\php7;C:\Program Files (x86)\Skype\Phone\;C:\Program Files (x86)\MySQL\MySQL Fabric 1.5 & MySQL Utilities 1.5\;C:\Program Files (x86)\MySQL\MySQL Fabric 1.5 & MySQL Utilities 1.5\Doctrine extensions for PHP\;C:\Windows\system32\config\systemprofile\.dnx\bin;C:\Program Files\Microsoft DNX\Dnvm\;C:\Program Files\nodejs\;C:\Program Files\Git\cmd;C:\Program Files\Redis\;D:\Ruby23-x64\bin;C:\Users\others\.dnx\bin;C:\Users\others\AppData\Roaming\npm
10 verbose lifecycle out-of-line@0.0.1~start: CWD: C:\Users\others\Documents\GoProjects\src\flux-npm\assets
11 silly lifecycle out-of-line@0.0.1~start: Args: [ '/d /s /c', 'watchify -o bundle.js -v -d -g ./app.js' ]
12 silly lifecycle out-of-line@0.0.1~start: Returned: code: 1  signal: null
13 info lifecycle out-of-line@0.0.1~start: Failed to exec start script
14 verbose stack Error: out-of-line@0.0.1 start: `watchify -o bundle.js -v -d -g ./app.js`
14 verbose stack Exit status 1
14 verbose stack     at EventEmitter.<anonymous> (C:\Program Files\nodejs\node_modules\npm\lib\utils\lifecycle.js:232:16)
14 verbose stack     at emitTwo (events.js:100:13)
14 verbose stack     at EventEmitter.emit (events.js:185:7)
14 verbose stack     at ChildProcess.<anonymous> (C:\Program Files\nodejs\node_modules\npm\lib\utils\spawn.js:24:14)
14 verbose stack     at emitTwo (events.js:100:13)
14 verbose stack     at ChildProcess.emit (events.js:185:7)
14 verbose stack     at maybeClose (internal/child_process.js:827:16)
14 verbose stack     at Process.ChildProcess._handle.onexit (internal/child_process.js:211:5)
15 verbose pkgid out-of-line@0.0.1
16 verbose cwd C:\Users\others\Documents\GoProjects\src\flux-npm\assets
17 error Windows_NT 6.3.9600
18 error argv "C:\\Program Files\\nodejs\\node.exe" "C:\\Program Files\\nodejs\\node_modules\\npm\\bin\\npm-cli.js" "start"
19 error node v5.7.1
20 error npm  v3.6.0
21 error code ELIFECYCLE
22 error out-of-line@0.0.1 start: `watchify -o bundle.js -v -d -g ./app.js`
22 error Exit status 1
23 error Failed at the out-of-line@0.0.1 start script 'watchify -o bundle.js -v -d -g ./app.js'.
23 error Make sure you have the latest version of node.js and npm installed.
23 error If you do, this is most likely a problem with the out-of-line package,
23 error not with npm itself.
23 error Tell the author that this fails on your system:
23 error     watchify -o bundle.js -v -d -g ./app.js
23 error You can get information on how to open an issue for this project with:
23 error     npm bugs out-of-line
23 error Or if that isn't available, you can get their info via:
23 error     npm owner ls out-of-line
23 error There is likely additional logging output above.
24 verbose exit [ 1, true ]
